<?xml version="1.0" encoding="UTF-8"?>
<testsuite xmlns:xsi="http://www.w3.org/2001/XMLSchema-instance" xsi:noNamespaceSchemaLocation="https://maven.apache.org/surefire/maven-surefire-plugin/xsd/surefire-test-report-3.0.xsd" version="3.0" name="Runners.TestRunner" time="80.73" tests="5" errors="0" skipped="0" failures="0">
  <properties>
[...]
</properties>
  <testcase name="checks remove item from cart" classname="This feature verifies addto cart, remove, placing Order" time="17.165">
    <system-out><![CDATA[
@SmokeFeature @smoke
Scenario: checks remove item from cart                                   # src/test/resources/Feature/CartWithBackGround.feature:32
[INFO ][30-Jul-2022 00:57:49 AM] Log.info:(27) - ******   Current Working directory  *********/Users/baitharu/eclipse-workspace/CucumberJava
[INFO ][30-Jul-2022 00:57:49 AM] Log.info:(27) - ****** Initializing the Property file *****Driver.Driverfactory
[DEBUG][30-Jul-2022 00:57:49 AM] InternalLoggerFactory.useLog4J2LoggerFactory:(76) - Using Log4J2 as the default logging framework
[DEBUG][30-Jul-2022 00:57:49 AM] ResourceLeakDetector.<clinit>:(129) - -Dio.netty.leakDetection.level: simple
[DEBUG][30-Jul-2022 00:57:49 AM] ResourceLeakDetector.<clinit>:(130) - -Dio.netty.leakDetection.targetRecords: 4
[DEBUG][30-Jul-2022 00:57:49 AM] ResourceLeakDetectorFactory$DefaultResourceLeakDetectorFactory.newResourceLeakDetector:(196) - Loaded default ResourceLeakDetector: io.netty.util.ResourceLeakDetector@5ae95707
[DEBUG][30-Jul-2022 00:57:49 AM] PlatformDependent0.explicitNoUnsafeCause0:(495) - -Dio.netty.noUnsafe: false
[DEBUG][30-Jul-2022 00:57:49 AM] PlatformDependent0.javaVersion0:(998) - Java version: 8
[DEBUG][30-Jul-2022 00:57:49 AM] PlatformDependent0.<clinit>:(136) - sun.misc.Unsafe.theUnsafe: available
[DEBUG][30-Jul-2022 00:57:49 AM] PlatformDependent0.<clinit>:(160) - sun.misc.Unsafe.copyMemory: available
[DEBUG][30-Jul-2022 00:57:49 AM] PlatformDependent0.<clinit>:(192) - sun.misc.Unsafe.storeFence: available
[DEBUG][30-Jul-2022 00:57:49 AM] PlatformDependent0.<clinit>:(235) - java.nio.Buffer.address: available
[DEBUG][30-Jul-2022 00:57:49 AM] PlatformDependent0.<clinit>:(306) - direct buffer constructor: available
[DEBUG][30-Jul-2022 00:57:49 AM] PlatformDependent0.<clinit>:(384) - java.nio.Bits.unaligned: available, true
[DEBUG][30-Jul-2022 00:57:49 AM] PlatformDependent0.<clinit>:(458) - jdk.internal.misc.Unsafe.allocateUninitializedArray(int): unavailable prior to Java9
[DEBUG][30-Jul-2022 00:57:49 AM] PlatformDependent0.<clinit>:(481) - java.nio.DirectByteBuffer.<init>(long, int): available
[DEBUG][30-Jul-2022 00:57:49 AM] PlatformDependent.unsafeUnavailabilityCause0:(1120) - sun.misc.Unsafe: available
[DEBUG][30-Jul-2022 00:57:49 AM] PlatformDependent.tmpdir0:(1250) - -Dio.netty.tmpdir: /var/folders/2k/58m39qqj2pj3m4wbkjz3dnyh0000gn/T (java.io.tmpdir)
[DEBUG][30-Jul-2022 00:57:49 AM] PlatformDependent.bitMode0:(1329) - -Dio.netty.bitMode: 64 (sun.arch.data.model)
[DEBUG][30-Jul-2022 00:57:49 AM] PlatformDependent.isOsx0:(1088) - Platform: MacOS
[DEBUG][30-Jul-2022 00:57:49 AM] PlatformDependent.<clinit>:(178) - -Dio.netty.maxDirectMemory: 1908932608 bytes
[DEBUG][30-Jul-2022 00:57:49 AM] PlatformDependent.<clinit>:(185) - -Dio.netty.uninitializedArrayAllocationThreshold: -1
[DEBUG][30-Jul-2022 00:57:49 AM] CleanerJava6.<clinit>:(92) - java.nio.ByteBuffer.cleaner(): available
[DEBUG][30-Jul-2022 00:57:49 AM] PlatformDependent.<clinit>:(205) - -Dio.netty.noPreferDirect: false
[DEBUG][30-Jul-2022 00:57:49 AM] PlatformDependent$Mpsc.<clinit>:(971) - org.jctools-core.MpscChunkedArrayQueue: available
[DEBUG][30-Jul-2022 00:57:49 AM] InternalThreadLocalMap.<clinit>:(86) - -Dio.netty.threadLocalMap.stringBuilder.initialSize: 1024
[DEBUG][30-Jul-2022 00:57:49 AM] InternalThreadLocalMap.<clinit>:(89) - -Dio.netty.threadLocalMap.stringBuilder.maxSize: 4096
[DEBUG][30-Jul-2022 00:57:49 AM] JdkSslContext.<clinit>:(83) - Default protocols (JDK): [TLSv1.2] 
[DEBUG][30-Jul-2022 00:57:49 AM] JdkSslContext.<clinit>:(84) - Default cipher suites (JDK): [TLS_ECDHE_ECDSA_WITH_AES_256_GCM_SHA384, TLS_ECDHE_ECDSA_WITH_AES_128_GCM_SHA256, TLS_ECDHE_RSA_WITH_AES_128_GCM_SHA256, TLS_ECDHE_RSA_WITH_AES_256_GCM_SHA384, TLS_ECDHE_RSA_WITH_AES_128_CBC_SHA, TLS_ECDHE_RSA_WITH_AES_256_CBC_SHA, TLS_RSA_WITH_AES_128_GCM_SHA256, TLS_RSA_WITH_AES_128_CBC_SHA, TLS_RSA_WITH_AES_256_CBC_SHA, TLS_AES_128_GCM_SHA256, TLS_AES_256_GCM_SHA384]
[DEBUG][30-Jul-2022 00:57:50 AM] MultithreadEventLoopGroup.<clinit>:(44) - -Dio.netty.eventLoopThreads: 16
[DEBUG][30-Jul-2022 00:57:50 AM] NioEventLoop.<clinit>:(109) - -Dio.netty.noKeySetOptimization: false
[DEBUG][30-Jul-2022 00:57:50 AM] NioEventLoop.<clinit>:(110) - -Dio.netty.selectorAutoRebuildThreshold: 512
[TRACE][30-Jul-2022 00:57:50 AM] NioEventLoop.openSelector:(263) - instrumented a special java.util.Set into: sun.nio.ch.KQueueSelectorImpl@e9dc4d0
[TRACE][30-Jul-2022 00:57:50 AM] NioEventLoop.openSelector:(263) - instrumented a special java.util.Set into: sun.nio.ch.KQueueSelectorImpl@43b40233
[TRACE][30-Jul-2022 00:57:50 AM] NioEventLoop.openSelector:(263) - instrumented a special java.util.Set into: sun.nio.ch.KQueueSelectorImpl@23eff5d1
[TRACE][30-Jul-2022 00:57:50 AM] NioEventLoop.openSelector:(263) - instrumented a special java.util.Set into: sun.nio.ch.KQueueSelectorImpl@2e060819
[TRACE][30-Jul-2022 00:57:50 AM] NioEventLoop.openSelector:(263) - instrumented a special java.util.Set into: sun.nio.ch.KQueueSelectorImpl@42c28305
[TRACE][30-Jul-2022 00:57:50 AM] NioEventLoop.openSelector:(263) - instrumented a special java.util.Set into: sun.nio.ch.KQueueSelectorImpl@2184b4f4
[TRACE][30-Jul-2022 00:57:50 AM] NioEventLoop.openSelector:(263) - instrumented a special java.util.Set into: sun.nio.ch.KQueueSelectorImpl@7d199c68
[TRACE][30-Jul-2022 00:57:50 AM] NioEventLoop.openSelector:(263) - instrumented a special java.util.Set into: sun.nio.ch.KQueueSelectorImpl@63411512
[TRACE][30-Jul-2022 00:57:50 AM] NioEventLoop.openSelector:(263) - instrumented a special java.util.Set into: sun.nio.ch.KQueueSelectorImpl@35cd68d4
[TRACE][30-Jul-2022 00:57:50 AM] NioEventLoop.openSelector:(263) - instrumented a special java.util.Set into: sun.nio.ch.KQueueSelectorImpl@316a598d
[TRACE][30-Jul-2022 00:57:50 AM] NioEventLoop.openSelector:(263) - instrumented a special java.util.Set into: sun.nio.ch.KQueueSelectorImpl@216914
[TRACE][30-Jul-2022 00:57:50 AM] NioEventLoop.openSelector:(263) - instrumented a special java.util.Set into: sun.nio.ch.KQueueSelectorImpl@6ba30587
[TRACE][30-Jul-2022 00:57:50 AM] NioEventLoop.openSelector:(263) - instrumented a special java.util.Set into: sun.nio.ch.KQueueSelectorImpl@35764bef
[TRACE][30-Jul-2022 00:57:50 AM] NioEventLoop.openSelector:(263) - instrumented a special java.util.Set into: sun.nio.ch.KQueueSelectorImpl@5633dafd
[TRACE][30-Jul-2022 00:57:50 AM] NioEventLoop.openSelector:(263) - instrumented a special java.util.Set into: sun.nio.ch.KQueueSelectorImpl@5d5160e6
[TRACE][30-Jul-2022 00:57:50 AM] NioEventLoop.openSelector:(263) - instrumented a special java.util.Set into: sun.nio.ch.KQueueSelectorImpl@2eadc9f6
[DEBUG][30-Jul-2022 00:57:50 AM] PooledByteBufAllocator.<clinit>:(157) - -Dio.netty.allocator.numHeapArenas: 16
[DEBUG][30-Jul-2022 00:57:50 AM] PooledByteBufAllocator.<clinit>:(158) - -Dio.netty.allocator.numDirectArenas: 16
[DEBUG][30-Jul-2022 00:57:50 AM] PooledByteBufAllocator.<clinit>:(160) - -Dio.netty.allocator.pageSize: 8192
[DEBUG][30-Jul-2022 00:57:50 AM] PooledByteBufAllocator.<clinit>:(165) - -Dio.netty.allocator.maxOrder: 9
[DEBUG][30-Jul-2022 00:57:50 AM] PooledByteBufAllocator.<clinit>:(169) - -Dio.netty.allocator.chunkSize: 4194304
[DEBUG][30-Jul-2022 00:57:50 AM] PooledByteBufAllocator.<clinit>:(170) - -Dio.netty.allocator.smallCacheSize: 256
[DEBUG][30-Jul-2022 00:57:50 AM] PooledByteBufAllocator.<clinit>:(171) - -Dio.netty.allocator.normalCacheSize: 64
[DEBUG][30-Jul-2022 00:57:50 AM] PooledByteBufAllocator.<clinit>:(172) - -Dio.netty.allocator.maxCachedBufferCapacity: 32768
[DEBUG][30-Jul-2022 00:57:50 AM] PooledByteBufAllocator.<clinit>:(173) - -Dio.netty.allocator.cacheTrimInterval: 8192
[DEBUG][30-Jul-2022 00:57:50 AM] PooledByteBufAllocator.<clinit>:(174) - -Dio.netty.allocator.cacheTrimIntervalMillis: 0
[DEBUG][30-Jul-2022 00:57:50 AM] PooledByteBufAllocator.<clinit>:(175) - -Dio.netty.allocator.useCacheForAllThreads: false
[DEBUG][30-Jul-2022 00:57:50 AM] PooledByteBufAllocator.<clinit>:(176) - -Dio.netty.allocator.maxCachedByteBuffersPerChunk: 1023
[DEBUG][30-Jul-2022 00:57:50 AM] ByteBufUtil.<clinit>:(87) - -Dio.netty.allocator.type: pooled
[DEBUG][30-Jul-2022 00:57:50 AM] ByteBufUtil.<clinit>:(96) - -Dio.netty.threadLocalDirectBufferSize: 0
[DEBUG][30-Jul-2022 00:57:50 AM] ByteBufUtil.<clinit>:(99) - -Dio.netty.maxThreadLocalCharBufferSize: 16384
[DEBUG][30-Jul-2022 00:57:50 AM] DefaultChannelId.<clinit>:(79) - -Dio.netty.processId: 3926 (auto-detected)
[DEBUG][30-Jul-2022 00:57:50 AM] NetUtil.<clinit>:(136) - -Djava.net.preferIPv4Stack: false
[DEBUG][30-Jul-2022 00:57:50 AM] NetUtil.<clinit>:(137) - -Djava.net.preferIPv6Addresses: false
[DEBUG][30-Jul-2022 00:57:50 AM] NetUtilInitializations.determineLoopback:(129) - Loopback interface: lo0 (lo0, 0:0:0:0:0:0:0:1%lo0)
[DEBUG][30-Jul-2022 00:57:50 AM] NetUtil$SoMaxConnAction.run:(191) - Failed to get SOMAXCONN from sysctl and file /proc/sys/net/core/somaxconn. Default: 128
[DEBUG][30-Jul-2022 00:57:50 AM] DefaultChannelId.<clinit>:(101) - -Dio.netty.machineId: ac:de:48:ff:fe:00:11:22 (auto-detected)
[DEBUG][30-Jul-2022 00:57:50 AM] AbstractByteBuf.<clinit>:(63) - -Dio.netty.buffer.checkAccessible: true
[DEBUG][30-Jul-2022 00:57:50 AM] AbstractByteBuf.<clinit>:(64) - -Dio.netty.buffer.checkBounds: true
[DEBUG][30-Jul-2022 00:57:50 AM] ResourceLeakDetectorFactory$DefaultResourceLeakDetectorFactory.newResourceLeakDetector:(196) - Loaded default ResourceLeakDetector: io.netty.util.ResourceLeakDetector@7983b34d
[DEBUG][30-Jul-2022 00:57:50 AM] Recycler.<clinit>:(85) - -Dio.netty.recycler.maxCapacityPerThread: 4096
[DEBUG][30-Jul-2022 00:57:50 AM] Recycler.<clinit>:(86) - -Dio.netty.recycler.ratio: 8
[DEBUG][30-Jul-2022 00:57:50 AM] Recycler.<clinit>:(87) - -Dio.netty.recycler.chunkSize: 32
[DEBUG][30-Jul-2022 00:57:50 AM] Recycler.<clinit>:(88) - -Dio.netty.recycler.blocking: false
[DEBUG][30-Jul-2022 00:57:51 AM] Brotli.<clinit>:(38) - brotli4j not in the classpath; Brotli support will be unavailable.
[DEBUG][30-Jul-2022 00:57:52 AM] ThreadLocalRandom.newSeed:(214) - -Dio.netty.initialSeedUniquifier: 0xdd88a1882f7efa07
[INFO ][30-Jul-2022 00:57:52 AM] Log.info:(27) - ****** Initializing the WebDriver *****Driver.Driverfactory
[INFO ][30-Jul-2022 00:57:52 AM] Log.startStep:(16) - Step Started ••••••••••••••••Scenario Step execution Start Time Sat Jul 30 00:57:52 IST 2022
User is in login page https://www.saucedemo.com/
  Given user is in login page                                            # StepDefination.Cart_withBackground.user_is_in_login_page()
[INFO ][30-Jul-2022 00:57:52 AM] Log.endStep:(24) - Step Started ••••••••••••••••Scenario Step execution End Time Sat Jul 30 00:57:52 IST 2022
[INFO ][30-Jul-2022 00:57:52 AM] Log.startStep:(16) - Step Started ••••••••••••••••Scenario Step execution Start Time Sat Jul 30 00:57:52 IST 2022
  Then views login and password and login button                         # StepDefination.Cart_withBackground.views_login_and_password_and_login_button()
[INFO ][30-Jul-2022 00:57:53 AM] Log.endStep:(24) - Step Started ••••••••••••••••Scenario Step execution End Time Sat Jul 30 00:57:53 IST 2022
[INFO ][30-Jul-2022 00:57:53 AM] Log.startStep:(16) - Step Started ••••••••••••••••Scenario Step execution Start Time Sat Jul 30 00:57:53 IST 2022
  Then enters username and Password and clicks on login button           # StepDefination.Cart_withBackground.enters_username_and_Password_and_clicks_on_login_button()
[INFO ][30-Jul-2022 00:58:05 AM] Log.endStep:(24) - Step Started ••••••••••••••••Scenario Step execution End Time Sat Jul 30 00:58:05 IST 2022
[INFO ][30-Jul-2022 00:58:05 AM] Log.startStep:(16) - Step Started ••••••••••••••••Scenario Step execution Start Time Sat Jul 30 00:58:05 IST 2022
  And user lands to Home page and views Empty cart                       # StepDefination.Cart_withBackground.user_lands_to_Home_page_and_views_Empty_cart()
[INFO ][30-Jul-2022 00:58:05 AM] Log.endStep:(24) - Step Started ••••••••••••••••Scenario Step execution End Time Sat Jul 30 00:58:05 IST 2022
[INFO ][30-Jul-2022 00:58:05 AM] Log.startStep:(16) - Step Started ••••••••••••••••Scenario Step execution Start Time Sat Jul 30 00:58:05 IST 2022
  And adds item to cart                                                  # StepDefination.Cart_withBackground.adds_item_to_cart()
[INFO ][30-Jul-2022 00:58:05 AM] Log.endStep:(24) - Step Started ••••••••••••••••Scenario Step execution End Time Sat Jul 30 00:58:05 IST 2022
[INFO ][30-Jul-2022 00:58:05 AM] Log.startStep:(16) - Step Started ••••••••••••••••Scenario Step execution Start Time Sat Jul 30 00:58:05 IST 2022
  Then checks the count of the cart                                      # StepDefination.Cart_withBackground.checks_the_count_of_the_cart()
[INFO ][30-Jul-2022 00:58:05 AM] Log.endStep:(24) - Step Started ••••••••••••••••Scenario Step execution End Time Sat Jul 30 00:58:05 IST 2022
[INFO ][30-Jul-2022 00:58:05 AM] Log.startStep:(16) - Step Started ••••••••••••••••Scenario Step execution Start Time Sat Jul 30 00:58:05 IST 2022
  When user is in landing page                                           # StepDefination.Cart_withBackground.user_is_in_landing_page()
[INFO ][30-Jul-2022 00:58:05 AM] Log.endStep:(24) - Step Started ••••••••••••••••Scenario Step execution End Time Sat Jul 30 00:58:05 IST 2022
[INFO ][30-Jul-2022 00:58:05 AM] Log.startStep:(16) - Step Started ••••••••••••••••Scenario Step execution Start Time Sat Jul 30 00:58:05 IST 2022
  And clicks the cart and removes item from the cart and makes its empty # StepDefination.Cart_withBackground.clicks_the_cart_and_removes_item_from_the_cart_and_makes_its_empty()
[INFO ][30-Jul-2022 00:58:05 AM] Log.endStep:(24) - Step Started ••••••••••••••••Scenario Step execution End Time Sat Jul 30 00:58:05 IST 2022
[TRACE][30-Jul-2022 00:58:05 AM] WebSocket08FrameEncoder.encode:(131) - Encoding WebSocket Frame opCode=8 length=26
[INFO ][30-Jul-2022 00:58:06 AM] Log.info:(27) - ****** Quitting the WebDriver Session from StepDefination After Hook *****Driver.Driverfactory
]]></system-out>
    <system-err><![CDATA[SLF4J: Failed to load class "org.slf4j.impl.StaticLoggerBinder".
SLF4J: Defaulting to no-operation (NOP) logger implementation
SLF4J: See http://www.slf4j.org/codes.html#StaticLoggerBinder for further details.
Starting ChromeDriver 103.0.5060.134 (8ec6fce403b3feb0869b0732eda8bd95011d333c-refs/branch-heads/5060@{#1262}) on port 52247
Only local connections are allowed.
Please see https://chromedriver.chromium.org/security-considerations for suggestions on keeping ChromeDriver safe.
ChromeDriver was started successfully.
Jul 30, 2022 12:57:51 AM org.openqa.selenium.remote.ProtocolHandshake createSession
INFO: Detected upstream dialect: W3C
Jul 30, 2022 12:57:52 AM org.openqa.selenium.devtools.CdpVersionFinder findNearestMatch
INFO: Found exact CDP implementation for version 103
]]></system-err>
  </testcase>
  <testcase name="verifies submitting shopping request" classname="This feature verifies addto cart, remove, placing Order" time="15.241">
    <system-out><![CDATA[
@SmokeFeature @smoke
Scenario: verifies submitting shopping request                     # src/test/resources/Feature/CartWithBackGround.feature:37
[INFO ][30-Jul-2022 00:58:06 AM] Log.info:(27) - ******   Current Working directory  *********/Users/baitharu/eclipse-workspace/CucumberJava
[INFO ][30-Jul-2022 00:58:06 AM] Log.info:(27) - ****** Initializing the Property file *****Driver.Driverfactory
[INFO ][30-Jul-2022 00:58:07 AM] Log.info:(27) - ****** Initializing the WebDriver *****Driver.Driverfactory
[INFO ][30-Jul-2022 00:58:07 AM] Log.startStep:(16) - Step Started ••••••••••••••••Scenario Step execution Start Time Sat Jul 30 00:58:07 IST 2022
User is in login page https://www.saucedemo.com/
  Given user is in login page                                      # StepDefination.Cart_withBackground.user_is_in_login_page()
[INFO ][30-Jul-2022 00:58:08 AM] Log.endStep:(24) - Step Started ••••••••••••••••Scenario Step execution End Time Sat Jul 30 00:58:08 IST 2022
[INFO ][30-Jul-2022 00:58:08 AM] Log.startStep:(16) - Step Started ••••••••••••••••Scenario Step execution Start Time Sat Jul 30 00:58:08 IST 2022
  Then views login and password and login button                   # StepDefination.Cart_withBackground.views_login_and_password_and_login_button()
[INFO ][30-Jul-2022 00:58:08 AM] Log.endStep:(24) - Step Started ••••••••••••••••Scenario Step execution End Time Sat Jul 30 00:58:08 IST 2022
[INFO ][30-Jul-2022 00:58:08 AM] Log.startStep:(16) - Step Started ••••••••••••••••Scenario Step execution Start Time Sat Jul 30 00:58:08 IST 2022
  Then enters username and Password and clicks on login button     # StepDefination.Cart_withBackground.enters_username_and_Password_and_clicks_on_login_button()
[INFO ][30-Jul-2022 00:58:20 AM] Log.endStep:(24) - Step Started ••••••••••••••••Scenario Step execution End Time Sat Jul 30 00:58:20 IST 2022
[INFO ][30-Jul-2022 00:58:20 AM] Log.startStep:(16) - Step Started ••••••••••••••••Scenario Step execution Start Time Sat Jul 30 00:58:20 IST 2022
  And user lands to Home page and views Empty cart                 # StepDefination.Cart_withBackground.user_lands_to_Home_page_and_views_Empty_cart()
[INFO ][30-Jul-2022 00:58:20 AM] Log.endStep:(24) - Step Started ••••••••••••••••Scenario Step execution End Time Sat Jul 30 00:58:20 IST 2022
[INFO ][30-Jul-2022 00:58:20 AM] Log.startStep:(16) - Step Started ••••••••••••••••Scenario Step execution Start Time Sat Jul 30 00:58:20 IST 2022
  And adds item to cart                                            # StepDefination.Cart_withBackground.adds_item_to_cart()
[INFO ][30-Jul-2022 00:58:20 AM] Log.endStep:(24) - Step Started ••••••••••••••••Scenario Step execution End Time Sat Jul 30 00:58:20 IST 2022
[INFO ][30-Jul-2022 00:58:20 AM] Log.startStep:(16) - Step Started ••••••••••••••••Scenario Step execution Start Time Sat Jul 30 00:58:20 IST 2022
  Then checks the count of the cart                                # StepDefination.Cart_withBackground.checks_the_count_of_the_cart()
[INFO ][30-Jul-2022 00:58:20 AM] Log.endStep:(24) - Step Started ••••••••••••••••Scenario Step execution End Time Sat Jul 30 00:58:20 IST 2022
[INFO ][30-Jul-2022 00:58:20 AM] Log.startStep:(16) - Step Started ••••••••••••••••Scenario Step execution Start Time Sat Jul 30 00:58:20 IST 2022
  When user is in home page navigates to cart page                 # StepDefination.Cart_withBackground.user_is_in_home_page_navigates_to_cart_page()
[INFO ][30-Jul-2022 00:58:20 AM] Log.endStep:(24) - Step Started ••••••••••••••••Scenario Step execution End Time Sat Jul 30 00:58:20 IST 2022
[INFO ][30-Jul-2022 00:58:20 AM] Log.startStep:(16) - Step Started ••••••••••••••••Scenario Step execution Start Time Sat Jul 30 00:58:20 IST 2022
  Then clicks checkout                                             # StepDefination.Cart_withBackground.clicks_checkout()
[INFO ][30-Jul-2022 00:58:20 AM] Log.endStep:(24) - Step Started ••••••••••••••••Scenario Step execution End Time Sat Jul 30 00:58:20 IST 2022
[INFO ][30-Jul-2022 00:58:20 AM] Log.startStep:(16) - Step Started ••••••••••••••••Scenario Step execution Start Time Sat Jul 30 00:58:20 IST 2022
  Then enters details in your Information page and clicks continue # StepDefination.Cart_withBackground.enters_details_in_your_Information_page_and_clicks_continue()
[INFO ][30-Jul-2022 00:58:21 AM] Log.endStep:(24) - Step Started ••••••••••••••••Scenario Step execution End Time Sat Jul 30 00:58:21 IST 2022
[INFO ][30-Jul-2022 00:58:21 AM] Log.startStep:(16) - Step Started ••••••••••••••••Scenario Step execution Start Time Sat Jul 30 00:58:21 IST 2022
  And navigates to Checkout Overview page and clicks finish        # StepDefination.Cart_withBackground.navigates_to_Checkout_Overview_page_and_clicks_finish()
[INFO ][30-Jul-2022 00:58:21 AM] Log.endStep:(24) - Step Started ••••••••••••••••Scenario Step execution End Time Sat Jul 30 00:58:21 IST 2022
[INFO ][30-Jul-2022 00:58:21 AM] Log.startStep:(16) - Step Started ••••••••••••••••Scenario Step execution Start Time Sat Jul 30 00:58:21 IST 2022
  And completes the checkout                                       # StepDefination.Cart_withBackground.completes_the_checkout()
[INFO ][30-Jul-2022 00:58:21 AM] Log.endStep:(24) - Step Started ••••••••••••••••Scenario Step execution End Time Sat Jul 30 00:58:21 IST 2022
[TRACE][30-Jul-2022 00:58:21 AM] WebSocket08FrameEncoder.encode:(131) - Encoding WebSocket Frame opCode=8 length=26
[INFO ][30-Jul-2022 00:58:21 AM] Log.info:(27) - ****** Quitting the WebDriver Session from StepDefination After Hook *****Driver.Driverfactory
]]></system-out>
    <system-err><![CDATA[Starting ChromeDriver 103.0.5060.134 (8ec6fce403b3feb0869b0732eda8bd95011d333c-refs/branch-heads/5060@{#1262}) on port 63568
Only local connections are allowed.
Please see https://chromedriver.chromium.org/security-considerations for suggestions on keeping ChromeDriver safe.
ChromeDriver was started successfully.
Jul 30, 2022 12:58:07 AM org.openqa.selenium.remote.ProtocolHandshake createSession
INFO: Detected upstream dialect: W3C
Jul 30, 2022 12:58:07 AM org.openqa.selenium.devtools.CdpVersionFinder findNearestMatch
INFO: Found exact CDP implementation for version 103
]]></system-err>
  </testcase>
  <testcase name="Login to saucedemo admin page #1" classname="Verifies Login to Sauce_demo" time="14.426">
    <system-out><![CDATA[
@FunctionalFeature @Functional
Scenario Outline: Login to saucedemo admin page                                      # src/test/resources/Feature/dataProvider.feature:28
[INFO ][30-Jul-2022 00:58:21 AM] Log.info:(27) - ******   Current Working directory  *********/Users/baitharu/eclipse-workspace/CucumberJava
[INFO ][30-Jul-2022 00:58:21 AM] Log.info:(27) - ****** Initializing the Property file *****Driver.Driverfactory
[INFO ][30-Jul-2022 00:58:23 AM] Log.info:(27) - ****** Initializing the WebDriver *****Driver.Driverfactory
[INFO ][30-Jul-2022 00:58:23 AM] Log.startStep:(16) - Step Started ••••••••••••••••Scenario Step execution Start Time Sat Jul 30 00:58:23 IST 2022
  Given User opens the web page URL                                                  # StepDefination.Login_DataProvider.user_opens_the_web_page_url()
[INFO ][30-Jul-2022 00:58:23 AM] Log.endStep:(24) - Step Started ••••••••••••••••Scenario Step execution End Time Sat Jul 30 00:58:23 IST 2022
[INFO ][30-Jul-2022 00:58:23 AM] Log.startStep:(16) - Step Started ••••••••••••••••Scenario Step execution Start Time Sat Jul 30 00:58:23 IST 2022
  Then User views login form with username and password                              # StepDefination.Login_DataProvider.user_views_login_form_with_username_and_password()
[INFO ][30-Jul-2022 00:58:23 AM] Log.endStep:(24) - Step Started ••••••••••••••••Scenario Step execution End Time Sat Jul 30 00:58:23 IST 2022
[INFO ][30-Jul-2022 00:58:23 AM] Log.startStep:(16) - Step Started ••••••••••••••••Scenario Step execution Start Time Sat Jul 30 00:58:23 IST 2022
  When User enters "standard_user" and "secret_sauce" in username and password field # StepDefination.Login_DataProvider.User_enters_username_and_password_in_username_and_password_field(java.lang.String,java.lang.String)
[INFO ][30-Jul-2022 00:58:35 AM] Log.endStep:(24) - Step Started ••••••••••••••••Scenario Step execution End Time Sat Jul 30 00:58:35 IST 2022
[INFO ][30-Jul-2022 00:58:35 AM] Log.startStep:(16) - Step Started ••••••••••••••••Scenario Step execution Start Time Sat Jul 30 00:58:35 IST 2022
  Then verifies the cart icon in homepage                                            # StepDefination.Login_DataProvider.verifies_the_cart_icon_in_homepage()
[INFO ][30-Jul-2022 00:58:35 AM] Log.endStep:(24) - Step Started ••••••••••••••••Scenario Step execution End Time Sat Jul 30 00:58:35 IST 2022
[TRACE][30-Jul-2022 00:58:35 AM] WebSocket08FrameEncoder.encode:(131) - Encoding WebSocket Frame opCode=8 length=26
[INFO ][30-Jul-2022 00:58:35 AM] Log.info:(27) - ****** Quitting the WebDriver Session from StepDefination After Hook *****Driver.Driverfactory
]]></system-out>
    <system-err><![CDATA[Starting ChromeDriver 103.0.5060.134 (8ec6fce403b3feb0869b0732eda8bd95011d333c-refs/branch-heads/5060@{#1262}) on port 56419
Only local connections are allowed.
Please see https://chromedriver.chromium.org/security-considerations for suggestions on keeping ChromeDriver safe.
ChromeDriver was started successfully.
Jul 30, 2022 12:58:22 AM org.openqa.selenium.remote.ProtocolHandshake createSession
INFO: Detected upstream dialect: W3C
Jul 30, 2022 12:58:22 AM org.openqa.selenium.devtools.CdpVersionFinder findNearestMatch
INFO: Found exact CDP implementation for version 103
]]></system-err>
  </testcase>
  <testcase name="Login to saucedemo admin page #2" classname="Verifies Login to Sauce_demo" time="19.544">
    <system-out><![CDATA[
@FunctionalFeature @Functional
Scenario Outline: Login to saucedemo admin page                                                # src/test/resources/Feature/dataProvider.feature:29
[INFO ][30-Jul-2022 00:58:35 AM] Log.info:(27) - ******   Current Working directory  *********/Users/baitharu/eclipse-workspace/CucumberJava
[INFO ][30-Jul-2022 00:58:35 AM] Log.info:(27) - ****** Initializing the Property file *****Driver.Driverfactory
[INFO ][30-Jul-2022 00:58:37 AM] Log.info:(27) - ****** Initializing the WebDriver *****Driver.Driverfactory
[INFO ][30-Jul-2022 00:58:37 AM] Log.startStep:(16) - Step Started ••••••••••••••••Scenario Step execution Start Time Sat Jul 30 00:58:37 IST 2022
  Given User opens the web page URL                                                            # StepDefination.Login_DataProvider.user_opens_the_web_page_url()
[INFO ][30-Jul-2022 00:58:37 AM] Log.endStep:(24) - Step Started ••••••••••••••••Scenario Step execution End Time Sat Jul 30 00:58:37 IST 2022
[INFO ][30-Jul-2022 00:58:37 AM] Log.startStep:(16) - Step Started ••••••••••••••••Scenario Step execution Start Time Sat Jul 30 00:58:37 IST 2022
  Then User views login form with username and password                                        # StepDefination.Login_DataProvider.user_views_login_form_with_username_and_password()
[INFO ][30-Jul-2022 00:58:37 AM] Log.endStep:(24) - Step Started ••••••••••••••••Scenario Step execution End Time Sat Jul 30 00:58:37 IST 2022
[INFO ][30-Jul-2022 00:58:37 AM] Log.startStep:(16) - Step Started ••••••••••••••••Scenario Step execution Start Time Sat Jul 30 00:58:37 IST 2022
  When User enters "performance_glitch_user" and "secret_sauce" in username and password field # StepDefination.Login_DataProvider.User_enters_username_and_password_in_username_and_password_field(java.lang.String,java.lang.String)
[INFO ][30-Jul-2022 00:58:55 AM] Log.endStep:(24) - Step Started ••••••••••••••••Scenario Step execution End Time Sat Jul 30 00:58:55 IST 2022
[INFO ][30-Jul-2022 00:58:55 AM] Log.startStep:(16) - Step Started ••••••••••••••••Scenario Step execution Start Time Sat Jul 30 00:58:55 IST 2022
  Then verifies the cart icon in homepage                                                      # StepDefination.Login_DataProvider.verifies_the_cart_icon_in_homepage()
[INFO ][30-Jul-2022 00:58:55 AM] Log.endStep:(24) - Step Started ••••••••••••••••Scenario Step execution End Time Sat Jul 30 00:58:55 IST 2022
[TRACE][30-Jul-2022 00:58:55 AM] WebSocket08FrameEncoder.encode:(131) - Encoding WebSocket Frame opCode=8 length=26
[INFO ][30-Jul-2022 00:58:55 AM] Log.info:(27) - ****** Quitting the WebDriver Session from StepDefination After Hook *****Driver.Driverfactory
]]></system-out>
    <system-err><![CDATA[Starting ChromeDriver 103.0.5060.134 (8ec6fce403b3feb0869b0732eda8bd95011d333c-refs/branch-heads/5060@{#1262}) on port 49361
Only local connections are allowed.
Please see https://chromedriver.chromium.org/security-considerations for suggestions on keeping ChromeDriver safe.
ChromeDriver was started successfully.
Jul 30, 2022 12:58:36 AM org.openqa.selenium.remote.ProtocolHandshake createSession
INFO: Detected upstream dialect: W3C
Jul 30, 2022 12:58:36 AM org.openqa.selenium.devtools.CdpVersionFinder findNearestMatch
INFO: Found exact CDP implementation for version 103
]]></system-err>
  </testcase>
  <testcase name="Check login is successful with valid credentials" classname="feature to test login functionality" time="2.073">
    <system-out><![CDATA[
@SanityFeature @Sanity
Scenario: Check login is successful with valid credentials                    # src/test/resources/Feature/login.feature:23
[INFO ][30-Jul-2022 00:58:55 AM] Log.info:(27) - ******   Current Working directory  *********/Users/baitharu/eclipse-workspace/CucumberJava
[INFO ][30-Jul-2022 00:58:55 AM] Log.info:(27) - ****** Initializing the Property file *****Driver.Driverfactory
[INFO ][30-Jul-2022 00:58:57 AM] Log.info:(27) - ****** Initializing the WebDriver *****Driver.Driverfactory
[INFO ][30-Jul-2022 00:58:57 AM] Log.startStep:(16) - Step Started ••••••••••••••••Scenario Step execution Start Time Sat Jul 30 00:58:57 IST 2022
Function user_is_on_home_page
  Given User is on Home Page                                                  # StepDefination.LoginSteps.user_is_on_home_page()
[INFO ][30-Jul-2022 00:58:57 AM] Log.endStep:(24) - Step Started ••••••••••••••••Scenario Step execution End Time Sat Jul 30 00:58:57 IST 2022
[INFO ][30-Jul-2022 00:58:57 AM] Log.startStep:(16) - Step Started ••••••••••••••••Scenario Step execution Start Time Sat Jul 30 00:58:57 IST 2022
Function user_enters_valid_username_and_password
  When user enters valid username and password in username and password field # StepDefination.LoginSteps.user_enters_valid_username_and_password()
[INFO ][30-Jul-2022 00:58:57 AM] Log.endStep:(24) - Step Started ••••••••••••••••Scenario Step execution End Time Sat Jul 30 00:58:57 IST 2022
[INFO ][30-Jul-2022 00:58:57 AM] Log.startStep:(16) - Step Started ••••••••••••••••Scenario Step execution Start Time Sat Jul 30 00:58:57 IST 2022
Function user_clicks_on_the_login_button
  And user clicks on the login button                                         # StepDefination.LoginSteps.user_clicks_on_the_login_button()
[INFO ][30-Jul-2022 00:58:57 AM] Log.endStep:(24) - Step Started ••••••••••••••••Scenario Step execution End Time Sat Jul 30 00:58:57 IST 2022
[INFO ][30-Jul-2022 00:58:57 AM] Log.startStep:(16) - Step Started ••••••••••••••••Scenario Step execution Start Time Sat Jul 30 00:58:57 IST 2022
Function user_is_navigated_to_home_page
  Then user is navigated to home page                                         # StepDefination.LoginSteps.user_is_navigated_to_home_page()
[INFO ][30-Jul-2022 00:58:57 AM] Log.endStep:(24) - Step Started ••••••••••••••••Scenario Step execution End Time Sat Jul 30 00:58:57 IST 2022
[INFO ][30-Jul-2022 00:58:57 AM] Log.startStep:(16) - Step Started ••••••••••••••••Scenario Step execution Start Time Sat Jul 30 00:58:57 IST 2022
Function user_views_the_content_of_homepage
  And User views the content of homepage                                      # StepDefination.LoginSteps.user_views_the_content_of_homepage()
[INFO ][30-Jul-2022 00:58:57 AM] Log.endStep:(24) - Step Started ••••••••••••••••Scenario Step execution End Time Sat Jul 30 00:58:57 IST 2022
[TRACE][30-Jul-2022 00:58:57 AM] WebSocket08FrameEncoder.encode:(131) - Encoding WebSocket Frame opCode=8 length=26
[INFO ][30-Jul-2022 00:58:57 AM] Log.info:(27) - ****** Quitting the WebDriver Session from StepDefination After Hook *****Driver.Driverfactory
]]></system-out>
    <system-err><![CDATA[Starting ChromeDriver 103.0.5060.134 (8ec6fce403b3feb0869b0732eda8bd95011d333c-refs/branch-heads/5060@{#1262}) on port 53120
Only local connections are allowed.
Please see https://chromedriver.chromium.org/security-considerations for suggestions on keeping ChromeDriver safe.
ChromeDriver was started successfully.
Jul 30, 2022 12:58:56 AM org.openqa.selenium.remote.ProtocolHandshake createSession
INFO: Detected upstream dialect: W3C
Jul 30, 2022 12:58:56 AM org.openqa.selenium.devtools.CdpVersionFinder findNearestMatch
INFO: Found exact CDP implementation for version 103
]]></system-err>
  </testcase>
</testsuite>